[debug] [2024-01-22T16:19:50.738Z] ----------------------------------------------------------------------
[debug] [2024-01-22T16:19:50.740Z] Command:       C:\Program Files\nodejs\node.exe C:\Users\mleon\AppData\Roaming\npm\node_modules\firebase-tools\lib\bin\firebase.js init
[debug] [2024-01-22T16:19:50.740Z] CLI Version:   13.0.3
[debug] [2024-01-22T16:19:50.740Z] Platform:      win32
[debug] [2024-01-22T16:19:50.741Z] Node Version:  v20.10.0
[debug] [2024-01-22T16:19:50.741Z] Time:          Mon Jan 22 2024 11:19:50 GMT-0500 (hora de Ecuador)
[debug] [2024-01-22T16:19:50.741Z] ----------------------------------------------------------------------
[debug] 
[debug] [2024-01-22T16:19:50.745Z] > command requires scopes: ["email","openid","https://www.googleapis.com/auth/cloudplatformprojects.readonly","https://www.googleapis.com/auth/firebase","https://www.googleapis.com/auth/cloud-platform"]
[debug] [2024-01-22T16:19:50.746Z] > authorizing via signed-in user (marcelo.leon.c@gmail.com)
[info] 
     ######## #### ########  ######## ########     ###     ######  ########
     ##        ##  ##     ## ##       ##     ##  ##   ##  ##       ##
     ######    ##  ########  ######   ########  #########  ######  ######
     ##        ##  ##    ##  ##       ##     ## ##     ##       ## ##
     ##       #### ##     ## ######## ########  ##     ##  ######  ########

You're about to initialize a Firebase project in this directory:

  C:\Documentos\Desarrollo\Cursos\React\23 Deploying React Apps

Before we get started, keep in mind:

  * You are currently outside your home directory

[info] 
=== Project Setup
[info] 
[info] First, let's associate this project directory with a Firebase project.
[info] You can create multiple project aliases by running firebase use --add, 
[info] but for now we'll just set up a default project.
[info] 
[debug] [2024-01-22T16:24:43.146Z] >>> [apiv2][query] GET https://firebase.googleapis.com/v1beta1/projects pageSize=100
[debug] [2024-01-22T16:24:43.746Z] <<< [apiv2][status] GET https://firebase.googleapis.com/v1beta1/projects 200
[debug] [2024-01-22T16:24:43.746Z] <<< [apiv2][body] GET https://firebase.googleapis.com/v1beta1/projects [omitted]
[info] i  Using project react-deployment-demo-2a94e (react-deployment-demo) 
[info] 
=== Hosting Setup
[debug] [2024-01-22T16:25:33.993Z] >>> [apiv2][query] GET https://firebase.googleapis.com/v1beta1/projects/react-deployment-demo-2a94e [none]
[debug] [2024-01-22T16:25:34.375Z] <<< [apiv2][status] GET https://firebase.googleapis.com/v1beta1/projects/react-deployment-demo-2a94e 200
[debug] [2024-01-22T16:25:34.375Z] <<< [apiv2][body] GET https://firebase.googleapis.com/v1beta1/projects/react-deployment-demo-2a94e {"projectId":"react-deployment-demo-2a94e","projectNumber":"740147148982","displayName":"react-deployment-demo","name":"projects/react-deployment-demo-2a94e","resources":{"hostingSite":"react-deployment-demo-2a94e"},"state":"ACTIVE","etag":"1_8c4bee9a-2f43-4ac6-980c-ca1b3aeb9711"}
[info] 
[info] Your public directory is the folder (relative to your project directory) that
[info] will contain Hosting assets to be uploaded with firebase deploy. If you
[info] have a build process for your assets, use your build's output directory.
[info] 
[debug] [2024-01-22T16:26:48.184Z] >>> [apiv2][query] GET https://www.gstatic.com/firebasejs/releases.json [none]
[debug] [2024-01-22T16:26:49.711Z] <<< [apiv2][status] GET https://www.gstatic.com/firebasejs/releases.json 200
[debug] [2024-01-22T16:26:49.712Z] <<< [apiv2][body] GET https://www.gstatic.com/firebasejs/releases.json {"current":{"version":"10.7.2","browserURL":"https://www.gstatic.com/firebasejs/10.7.2/firebase.js","packageURL":"https://www.gstatic.com/firebasejs/10.7.2/firebase.tgz"},"live":{"version":"10.7","browserURL":"https://www.gstatic.com/firebasejs/live/10.7/firebase.js","packageURL":"https://www.gstatic.com/firebasejs/live/10.7/firebase.tgz"},"components":{"analytics":"https://www.gstatic.com/firebasejs/10.7.2/firebase-analytics.js","app":"https://www.gstatic.com/firebasejs/10.7.2/firebase-app.js","app-check":"https://www.gstatic.com/firebasejs/10.7.2/firebase-app-check.js","auth":"https://www.gstatic.com/firebasejs/10.7.2/firebase-auth.js","auth/cordova":"https://www.gstatic.com/firebasejs/10.7.2/firebase-auth/cordova.js","functions":"https://www.gstatic.com/firebasejs/10.7.2/firebase-functions.js","firestore":"https://www.gstatic.com/firebasejs/10.7.2/firebase-firestore.js","firestore/lite":"https://www.gstatic.com/firebasejs/10.7.2/firebase-firestore/lite.js","installations":"https://www.gstatic.com/firebasejs/10.7.2/firebase-installations.js","storage":"https://www.gstatic.com/firebasejs/10.7.2/firebase-storage.js","performance":"https://www.gstatic.com/firebasejs/10.7.2/firebase-performance.js","remote-config":"https://www.gstatic.com/firebasejs/10.7.2/firebase-remote-config.js","messaging":"https://www.gstatic.com/firebasejs/10.7.2/firebase-messaging.js","messaging/sw":"https://www.gstatic.com/firebasejs/10.7.2/firebase-messaging/sw.js","database":"https://www.gstatic.com/firebasejs/10.7.2/firebase-database.js","firestore.memory":"https://www.gstatic.com/firebasejs/10.7.2/firebase-firestore.memory.js"}}
[info] i  Skipping write of build/index.html 
[info] 
[info] i  Detected a .git folder at C:\Documentos\Desarrollo\Cursos\React\23 Deploying React Apps 
[info] i  Authorizing with GitHub to upload your service account to a GitHub repository's secrets store. 
[info] 
[info] Visit this URL on this device to log in:
[info] https://github.com/login/oauth/authorize?client_id=89cf50f02ac6aaed3484&state=840271596&redirect_uri=http%3A%2F%2Flocalhost%3A9005&scope=read%3Auser%20repo%20public_repo
[info] 
[info] Waiting for authentication...
[debug] [2024-01-22T16:28:01.870Z] >>> [apiv2][query] POST https://github.com/login/oauth/access_token [none]
[debug] [2024-01-22T16:28:01.870Z] >>> [apiv2][body] POST https://github.com/login/oauth/access_token [stream]
[debug] [2024-01-22T16:28:02.389Z] <<< [apiv2][status] POST https://github.com/login/oauth/access_token 200
[debug] [2024-01-22T16:28:02.390Z] <<< [apiv2][body] POST https://github.com/login/oauth/access_token {"access_token":"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","token_type":"bearer","scope":"read:user,repo"}
[debug] [2024-01-22T16:28:02.396Z] >>> [apiv2][query] GET https://api.github.com/user [none]
[debug] [2024-01-22T16:28:02.982Z] <<< [apiv2][status] GET https://api.github.com/user 200
[debug] [2024-01-22T16:28:02.982Z] <<< [apiv2][body] GET https://api.github.com/user {"login":"MarceloLeonCaceres","id":16313025,"node_id":"MDQ6VXNlcjE2MzEzMDI1","avatar_url":"https://avatars.githubusercontent.com/u/16313025?v=4","gravatar_id":"","url":"https://api.github.com/users/MarceloLeonCaceres","html_url":"https://github.com/MarceloLeonCaceres","followers_url":"https://api.github.com/users/MarceloLeonCaceres/followers","following_url":"https://api.github.com/users/MarceloLeonCaceres/following{/other_user}","gists_url":"https://api.github.com/users/MarceloLeonCaceres/gists{/gist_id}","starred_url":"https://api.github.com/users/MarceloLeonCaceres/starred{/owner}{/repo}","subscriptions_url":"https://api.github.com/users/MarceloLeonCaceres/subscriptions","organizations_url":"https://api.github.com/users/MarceloLeonCaceres/orgs","repos_url":"https://api.github.com/users/MarceloLeonCaceres/repos","events_url":"https://api.github.com/users/MarceloLeonCaceres/events{/privacy}","received_events_url":"https://api.github.com/users/MarceloLeonCaceres/received_events","type":"User","site_admin":false,"name":"Jorge León Cáceres","company":"BioDevices","blog":"www.biodevices.com.ec","location":"Quito","email":"marcelo.leon.c@gmail.com","hireable":true,"bio":"I code using C#, ASP.NET,  Blazor, .NET Core, and SQL Server, but I enjoyed coding in Python for some courses like Algorithms and Artificial Intelligence","twitter_username":null,"public_repos":35,"public_gists":0,"followers":0,"following":0,"created_at":"2015-12-15T23:14:49Z","updated_at":"2024-01-21T02:39:59Z","private_gists":1,"total_private_repos":46,"owned_private_repos":46,"disk_usage":332643,"collaborators":0,"two_factor_authentication":true,"plan":{"name":"free","space":976562499,"collaborators":0,"private_repos":10000}}
[info] 
[info] +  Success! Logged into GitHub as MarceloLeonCaceres 
[info] 
